<?xml version="1.0" encoding="UTF-8"?>
<testsuite name="com.jsuka.breweryscheduler.PasswordHasherTest" tests="3" skipped="0" failures="0" errors="0" timestamp="2026-09-12T00:32:54" hostname="DESKTOP-3J6TJ5M" time="1.362">
  <properties/>
  <testcase name="same password with different salts gives different hashes" classname="com.jsuka.breweryscheduler.PasswordHasherTest" time="0.546"/>
  <testcase name="wrong password is rejected" classname="com.jsuka.breweryscheduler.PasswordHasherTest" time="0.386"/>
  <testcase name="correct password verifies" classname="com.jsuka.breweryscheduler.PasswordHasherTest" time="0.429"/>
  <system-out><![CDATA[]]></system-out>
  <system-err><![CDATA[]]></system-err>
</testsuite>
